# JRE version: Java(TM) SE Runtime Environment (8.0_261-b12) (build 1.8.0_261-b12)
# Java VM: Java HotSpot(TM) 64-Bit Server VM (25.261-b12 mixed mode windows-amd64 compressed oops)
Heap:
 PSYoungGen      total 130048K, used 93034K [0x00000000f5580000, 0x0000000100000000, 0x0000000100000000)
  eden space 89088K, 90% used [0x00000000f5580000,0x00000000fa41d3c0,0x00000000fac80000)
  from space 40960K, 30% used [0x00000000fac80000,0x00000000fb8bd700,0x00000000fd480000)
  to   space 40448K, 0% used [0x00000000fd880000,0x00000000fd880000,0x0000000100000000)
 ParOldGen       total 288768K, used 114046K [0x00000000e0000000, 0x00000000f1a00000, 0x00000000f5580000)
  object space 288768K, 39% used [0x00000000e0000000,0x00000000e6f5f860,0x00000000f1a00000)
 Metaspace       used 103803K, capacity 109342K, committed 109696K, reserved 1144832K
  class space    used 13428K, capacity 14618K, committed 14720K, reserved 1048576K
GC Heap History (10 events):
Event: 275.279 GC heap before
{Heap before GC invocations=35 (full 4):
 PSYoungGen      total 127488K, used 104930K [0x00000000f5580000, 0x00000000ffb80000, 0x0000000100000000)
  eden space 90112K, 100% used [0x00000000f5580000,0x00000000fad80000,0x00000000fad80000)
  from space 37376K, 39% used [0x00000000fd700000,0x00000000fe578930,0x00000000ffb80000)
  to   space 39936K, 0% used [0x00000000fad80000,0x00000000fad80000,0x00000000fd480000)
 ParOldGen       total 288768K, used 103596K [0x00000000e0000000, 0x00000000f1a00000, 0x00000000f5580000)
  object space 288768K, 35% used [0x00000000e0000000,0x00000000e652b0b0,0x00000000f1a00000)
 Metaspace       used 96661K, capacity 101434K, committed 101632K, reserved 1136640K
  class space    used 12441K, capacity 13496K, committed 13568K, reserved 1048576K
Event: 275.318 GC heap after
Heap after GC invocations=35 (full 4):
 PSYoungGen      total 130048K, used 24569K [0x00000000f5580000, 0x0000000100000000, 0x0000000100000000)
  eden space 90112K, 0% used [0x00000000f5580000,0x00000000f5580000,0x00000000fad80000)
  from space 39936K, 61% used [0x00000000fad80000,0x00000000fc57e7a0,0x00000000fd480000)
  to   space 40448K, 0% used [0x00000000fd880000,0x00000000fd880000,0x0000000100000000)
 ParOldGen       total 288768K, used 103604K [0x00000000e0000000, 0x00000000f1a00000, 0x00000000f5580000)
  object space 288768K, 35% used [0x00000000e0000000,0x00000000e652d0b0,0x00000000f1a00000)
 Metaspace       used 96661K, capacity 101434K, committed 101632K, reserved 1136640K
  class space    used 12441K, capacity 13496K, committed 13568K, reserved 1048576K
}
Event: 276.983 GC heap before
{Heap before GC invocations=36 (full 4):
 PSYoungGen      total 130048K, used 114681K [0x00000000f5580000, 0x0000000100000000, 0x0000000100000000)
  eden space 90112K, 100% used [0x00000000f5580000,0x00000000fad80000,0x00000000fad80000)
  from space 39936K, 61% used [0x00000000fad80000,0x00000000fc57e7a0,0x00000000fd480000)
  to   space 40448K, 0% used [0x00000000fd880000,0x00000000fd880000,0x0000000100000000)
 ParOldGen       total 288768K, used 103604K [0x00000000e0000000, 0x00000000f1a00000, 0x00000000f5580000)
  object space 288768K, 35% used [0x00000000e0000000,0x00000000e652d0b0,0x00000000f1a00000)
 Metaspace       used 102107K, capacity 107508K, committed 107776K, reserved 1142784K
  class space    used 13338K, capacity 14525K, committed 14592K, reserved 1048576K
Event: 277.032 GC heap after
Heap after GC invocations=36 (full 4):
 PSYoungGen      total 129024K, used 31975K [0x00000000f5580000, 0x0000000100000000, 0x0000000100000000)
  eden space 88576K, 0% used [0x00000000f5580000,0x00000000f5580000,0x00000000fac00000)
  from space 40448K, 79% used [0x00000000fd880000,0x00000000ff7b9f80,0x0000000100000000)
  to   space 43008K, 0% used [0x00000000fac00000,0x00000000fac00000,0x00000000fd600000)
 ParOldGen       total 288768K, used 103612K [0x00000000e0000000, 0x00000000f1a00000, 0x00000000f5580000)
  object space 288768K, 35% used [0x00000000e0000000,0x00000000e652f0b0,0x00000000f1a00000)
 Metaspace       used 102107K, capacity 107508K, committed 107776K, reserved 1142784K
  class space    used 13338K, capacity 14525K, committed 14592K, reserved 1048576K
}
Event: 279.317 GC heap before
{Heap before GC invocations=37 (full 4):
 PSYoungGen      total 129024K, used 120551K [0x00000000f5580000, 0x0000000100000000, 0x0000000100000000)
  eden space 88576K, 100% used [0x00000000f5580000,0x00000000fac00000,0x00000000fac00000)
  from space 40448K, 79% used [0x00000000fd880000,0x00000000ff7b9f80,0x0000000100000000)
  to   space 43008K, 0% used [0x00000000fac00000,0x00000000fac00000,0x00000000fd600000)
 ParOldGen       total 288768K, used 103612K [0x00000000e0000000, 0x00000000f1a00000, 0x00000000f5580000)
  object space 288768K, 35% used [0x00000000e0000000,0x00000000e652f0b0,0x00000000f1a00000)
 Metaspace       used 103161K, capacity 108730K, committed 108928K, reserved 1142784K
  class space    used 13396K, capacity 14606K, committed 14720K, reserved 1048576K
Event: 279.381 GC heap after
Heap after GC invocations=37 (full 4):
 PSYoungGen      total 131584K, used 25129K [0x00000000f5580000, 0x0000000100000000, 0x0000000100000000)
  eden space 88576K, 0% used [0x00000000f5580000,0x00000000f5580000,0x00000000fac00000)
  from space 43008K, 58% used [0x00000000fac00000,0x00000000fc48a6c0,0x00000000fd600000)
  to   space 42496K, 0% used [0x00000000fd680000,0x00000000fd680000,0x0000000100000000)
 ParOldGen       total 288768K, used 103612K [0x00000000e0000000, 0x00000000f1a00000, 0x00000000f5580000)
  object space 288768K, 35% used [0x00000000e0000000,0x00000000e652f0b0,0x00000000f1a00000)
 Metaspace       used 103161K, capacity 108730K, committed 108928K, reserved 1142784K
  class space    used 13396K, capacity 14606K, committed 14720K, reserved 1048576K
}
Event: 281.132 GC heap before
{Heap before GC invocations=38 (full 4):
 PSYoungGen      total 131584K, used 113705K [0x00000000f5580000, 0x0000000100000000, 0x0000000100000000)
  eden space 88576K, 100% used [0x00000000f5580000,0x00000000fac00000,0x00000000fac00000)
  from space 43008K, 58% used [0x00000000fac00000,0x00000000fc48a6c0,0x00000000fd600000)
  to   space 42496K, 0% used [0x00000000fd680000,0x00000000fd680000,0x0000000100000000)
 ParOldGen       total 288768K, used 103612K [0x00000000e0000000, 0x00000000f1a00000, 0x00000000f5580000)
  object space 288768K, 35% used [0x00000000e0000000,0x00000000e652f0b0,0x00000000f1a00000)
 Metaspace       used 103529K, capacity 109064K, committed 109184K, reserved 1144832K
  class space    used 13408K, capacity 14615K, committed 14720K, reserved 1048576K
Event: 281.196 GC heap after
Heap after GC invocations=38 (full 4):
 PSYoungGen      total 128000K, used 22227K [0x00000000f5580000, 0x00000000ffc80000, 0x0000000100000000)
  eden space 89088K, 0% used [0x00000000f5580000,0x00000000f5580000,0x00000000fac80000)
  from space 38912K, 57% used [0x00000000fd680000,0x00000000fec34ef0,0x00000000ffc80000)
  to   space 40960K, 0% used [0x00000000fac80000,0x00000000fac80000,0x00000000fd480000)
 ParOldGen       total 288768K, used 103620K [0x00000000e0000000, 0x00000000f1a00000, 0x00000000f5580000)
  object space 288768K, 35% used [0x00000000e0000000,0x00000000e65310b0,0x00000000f1a00000)
 Metaspace       used 103529K, capacity 109064K, committed 109184K, reserved 1144832K
  class space    used 13408K, capacity 14615K, committed 14720K, reserved 1048576K
}
Event: 282.296 GC heap before
{Heap before GC invocations=39 (full 4):
 PSYoungGen      total 128000K, used 111315K [0x00000000f5580000, 0x00000000ffc80000, 0x0000000100000000)
  eden space 89088K, 100% used [0x00000000f5580000,0x00000000fac80000,0x00000000fac80000)
  from space 38912K, 57% used [0x00000000fd680000,0x00000000fec34ef0,0x00000000ffc80000)
  to   space 40960K, 0% used [0x00000000fac80000,0x00000000fac80000,0x00000000fd480000)
 ParOldGen       total 288768K, used 103620K [0x00000000e0000000, 0x00000000f1a00000, 0x00000000f5580000)
  object space 288768K, 35% used [0x00000000e0000000,0x00000000e65310b0,0x00000000f1a00000)
 Metaspace       used 103706K, capacity 109266K, committed 109440K, reserved 1144832K
  class space    used 13420K, capacity 14616K, committed 14720K, reserved 1048576K
Event: 282.375 GC heap after
Heap after GC invocations=39 (full 4):
 PSYoungGen      total 130048K, used 12533K [0x00000000f5580000, 0x0000000100000000, 0x0000000100000000)
  eden space 89088K, 0% used [0x00000000f5580000,0x00000000f5580000,0x00000000fac80000)
  from space 40960K, 30% used [0x00000000fac80000,0x00000000fb8bd700,0x00000000fd480000)
  to   space 40448K, 0% used [0x00000000fd880000,0x00000000fd880000,0x0000000100000000)
 ParOldGen       total 288768K, used 114046K [0x00000000e0000000, 0x00000000f1a00000, 0x00000000f5580000)
  object space 288768K, 39% used [0x00000000e0000000,0x00000000e6f5f860,0x00000000f1a00000)
 Metaspace       used 103706K, capacity 109266K, committed 109440K, reserved 1144832K
  class space    used 13420K, capacity 14616K, committed 14720K, reserved 1048576K
}

